2016-01-15 13:37:04 - PHP Notice:  Undefined variable: entry_name in /var/www/html/opencart/upload/catalog/view/theme/default/template/account/register.tpl on line 46
2016-01-15 13:37:04 - PHP Notice:  Undefined variable: name in /var/www/html/opencart/upload/catalog/view/theme/default/template/account/register.tpl on line 48
2016-01-15 13:37:04 - PHP Notice:  Undefined variable: entry_namename in /var/www/html/opencart/upload/catalog/view/theme/default/template/account/register.tpl on line 48
2016-01-15 13:37:04 - PHP Notice:  Undefined variable: error_name in /var/www/html/opencart/upload/catalog/view/theme/default/template/account/register.tpl on line 49
2016-01-15 13:38:49 - PHP Notice:  Undefined variable: name in /var/www/html/opencart/upload/catalog/view/theme/default/template/account/register.tpl on line 48
2016-01-15 13:38:49 - PHP Notice:  Undefined variable: entry_namename in /var/www/html/opencart/upload/catalog/view/theme/default/template/account/register.tpl on line 48
2016-01-15 13:43:32 - PHP Notice:  Undefined variable: name in /var/www/html/opencart/upload/catalog/view/theme/default/template/account/register.tpl on line 48
2016-01-15 13:43:34 - PHP Notice:  Undefined variable: name in /var/www/html/opencart/upload/catalog/view/theme/default/template/account/register.tpl on line 48
2016-01-15 13:47:17 - PHP Notice:  Undefined index: firstname in /var/www/html/opencart/upload/catalog/controller/account/register.php on line 358
2016-01-15 13:47:17 - PHP Notice:  Undefined index: lastname in /var/www/html/opencart/upload/catalog/controller/account/register.php on line 362
2016-01-15 13:47:17 - PHP Notice:  Undefined index: telephone in /var/www/html/opencart/upload/catalog/controller/account/register.php on line 374
2016-01-15 13:47:17 - PHP Notice:  Undefined index: address_1 in /var/www/html/opencart/upload/catalog/controller/account/register.php on line 378
2016-01-15 13:47:17 - PHP Notice:  Undefined index: city in /var/www/html/opencart/upload/catalog/controller/account/register.php on line 382
2016-01-15 13:47:17 - PHP Notice:  Undefined index: country_id in /var/www/html/opencart/upload/catalog/controller/account/register.php on line 388
2016-01-15 13:47:17 - PHP Notice:  Undefined index: country_id in /var/www/html/opencart/upload/catalog/controller/account/register.php on line 394
2016-01-15 13:47:17 - PHP Notice:  Undefined index: confirm in /var/www/html/opencart/upload/catalog/controller/account/register.php on line 424
2016-01-15 13:47:17 - PHP Notice:  Undefined index: name in /var/www/html/opencart/upload/catalog/controller/account/register.php on line 100
2016-01-15 13:50:04 - PHP Notice:  Undefined variable: customer_group_id in /var/www/html/opencart/upload/catalog/controller/account/register.php on line 408
2016-01-15 13:50:04 - PHP Notice:  Undefined index: firstname in /var/www/html/opencart/upload/catalog/model/account/customer.php on line 16
2016-01-15 13:50:04 - PHP Notice:  Undefined index: lastname in /var/www/html/opencart/upload/catalog/model/account/customer.php on line 16
2016-01-15 13:50:04 - PHP Notice:  Undefined index: telephone in /var/www/html/opencart/upload/catalog/model/account/customer.php on line 16
2016-01-15 13:50:04 - PHP Notice:  Undefined index: fax in /var/www/html/opencart/upload/catalog/model/account/customer.php on line 16
2016-01-15 13:50:04 - PHP Notice:  Undefined index: firstname in /var/www/html/opencart/upload/catalog/model/account/customer.php on line 20
2016-01-15 13:50:04 - PHP Notice:  Undefined index: lastname in /var/www/html/opencart/upload/catalog/model/account/customer.php on line 20
2016-01-15 13:50:04 - PHP Notice:  Undefined index: company in /var/www/html/opencart/upload/catalog/model/account/customer.php on line 20
2016-01-15 13:50:04 - PHP Notice:  Undefined index: address_1 in /var/www/html/opencart/upload/catalog/model/account/customer.php on line 20
2016-01-15 13:50:04 - PHP Notice:  Undefined index: address_2 in /var/www/html/opencart/upload/catalog/model/account/customer.php on line 20
2016-01-15 13:50:04 - PHP Notice:  Undefined index: city in /var/www/html/opencart/upload/catalog/model/account/customer.php on line 20
2016-01-15 13:50:04 - PHP Notice:  Undefined index: postcode in /var/www/html/opencart/upload/catalog/model/account/customer.php on line 20
2016-01-15 13:50:04 - PHP Notice:  Undefined index: country_id in /var/www/html/opencart/upload/catalog/model/account/customer.php on line 20
2016-01-15 13:50:04 - PHP Notice:  Undefined index: zone_id in /var/www/html/opencart/upload/catalog/model/account/customer.php on line 20
2016-01-15 13:50:04 - PHP Notice:  Undefined index: firstname in /var/www/html/opencart/upload/catalog/controller/account/register.php on line 35
2016-01-15 13:50:04 - PHP Notice:  Undefined index: lastname in /var/www/html/opencart/upload/catalog/controller/account/register.php on line 35
2016-01-15 13:57:01 - PHP Notice:  Undefined offset: 1 in /var/www/html/opencart/upload/catalog/controller/account/register.php on line 195
2016-01-15 13:58:19 - PHP Notice:  Undefined offset: 1 in /var/www/html/opencart/upload/catalog/controller/account/register.php on line 195
2016-01-15 13:58:22 - PHP Notice:  Undefined offset: 1 in /var/www/html/opencart/upload/catalog/controller/account/register.php on line 195
2016-01-15 13:59:38 - PHP Notice:  Undefined offset: 1 in /var/www/html/opencart/upload/catalog/controller/account/register.php on line 195
2016-01-15 13:59:42 - PHP Notice:  Undefined offset: 1 in /var/www/html/opencart/upload/catalog/controller/account/register.php on line 195
2016-01-15 13:59:46 - PHP Notice:  Undefined offset: 1 in /var/www/html/opencart/upload/catalog/controller/account/register.php on line 195
2016-01-15 14:00:11 - PHP Notice:  Undefined offset: 1 in /var/www/html/opencart/upload/catalog/controller/account/register.php on line 195
2016-01-15 14:00:26 - PHP Notice:  Undefined offset: 1 in /var/www/html/opencart/upload/catalog/controller/account/register.php on line 195
2016-01-15 18:54:26 - PHP Notice:  Undefined index: sort_order in /var/www/html/opencart/upload/admin/model/design/banner.php on line 37
2016-01-16 3:28:39 - PHP Notice:  Undefined variable: customer_group_id in /var/www/html/opencart/upload/catalog/controller/account/register.php on line 411
2016-01-16 3:28:39 - PHP Notice:  Undefined offset: 1 in /var/www/html/opencart/upload/catalog/controller/account/register.php on line 196
2016-01-16 3:28:47 - PHP Notice:  Undefined variable: customer_group_id in /var/www/html/opencart/upload/catalog/controller/account/register.php on line 411
2016-01-16 3:28:47 - PHP Notice:  Undefined index: firstname in /var/www/html/opencart/upload/catalog/model/account/customer.php on line 16
2016-01-16 3:28:47 - PHP Notice:  Undefined index: lastname in /var/www/html/opencart/upload/catalog/model/account/customer.php on line 16
2016-01-16 3:28:47 - PHP Notice:  Undefined index: telephone in /var/www/html/opencart/upload/catalog/model/account/customer.php on line 16
2016-01-16 3:28:47 - PHP Notice:  Undefined index: fax in /var/www/html/opencart/upload/catalog/model/account/customer.php on line 16
2016-01-16 3:28:47 - PHP Notice:  Undefined index: firstname in /var/www/html/opencart/upload/catalog/model/account/customer.php on line 20
2016-01-16 3:28:47 - PHP Notice:  Undefined index: lastname in /var/www/html/opencart/upload/catalog/model/account/customer.php on line 20
2016-01-16 3:28:47 - PHP Notice:  Undefined index: company in /var/www/html/opencart/upload/catalog/model/account/customer.php on line 20
2016-01-16 3:28:47 - PHP Notice:  Undefined index: address_1 in /var/www/html/opencart/upload/catalog/model/account/customer.php on line 20
2016-01-16 3:28:47 - PHP Notice:  Undefined index: address_2 in /var/www/html/opencart/upload/catalog/model/account/customer.php on line 20
2016-01-16 3:28:47 - PHP Notice:  Undefined index: city in /var/www/html/opencart/upload/catalog/model/account/customer.php on line 20
2016-01-16 3:28:47 - PHP Notice:  Undefined index: postcode in /var/www/html/opencart/upload/catalog/model/account/customer.php on line 20
2016-01-16 3:28:47 - PHP Notice:  Undefined index: country_id in /var/www/html/opencart/upload/catalog/model/account/customer.php on line 20
2016-01-16 3:28:47 - PHP Notice:  Undefined index: zone_id in /var/www/html/opencart/upload/catalog/model/account/customer.php on line 20
2016-01-16 3:28:47 - PHP Notice:  Undefined index: firstname in /var/www/html/opencart/upload/catalog/controller/account/register.php on line 35
2016-01-16 3:28:47 - PHP Notice:  Undefined index: lastname in /var/www/html/opencart/upload/catalog/controller/account/register.php on line 35
2016-01-17 6:03:47 - PHP Notice:  Undefined index: category in /var/www/html/opencart/upload/admin/controller/module/featured.php on line 143
2016-01-17 6:03:47 - PHP Warning:  Invalid argument supplied for foreach() in /var/www/html/opencart/upload/admin/controller/module/featured.php on line 148
2016-01-17 6:03:47 - PHP Notice:  Undefined variable: entry_category in /var/www/html/opencart/upload/admin/view/template/module/featured.tpl on line 38
2016-01-17 6:03:47 - PHP Notice:  Undefined variable: entry_category in /var/www/html/opencart/upload/admin/view/template/module/featured.tpl on line 40
2016-01-17 6:04:04 - PHP Notice:  Undefined index: category in /var/www/html/opencart/upload/admin/controller/module/featured.php on line 143
2016-01-17 6:04:04 - PHP Warning:  Invalid argument supplied for foreach() in /var/www/html/opencart/upload/admin/controller/module/featured.php on line 148
2016-01-17 6:04:04 - PHP Notice:  Undefined variable: entry_category in /var/www/html/opencart/upload/admin/view/template/module/featured.tpl on line 38
2016-01-17 6:04:04 - PHP Notice:  Undefined variable: entry_category in /var/www/html/opencart/upload/admin/view/template/module/featured.tpl on line 40
2016-01-17 6:04:31 - PHP Notice:  Undefined index: category in /var/www/html/opencart/upload/admin/controller/module/featured.php on line 143
2016-01-17 6:04:31 - PHP Warning:  Invalid argument supplied for foreach() in /var/www/html/opencart/upload/admin/controller/module/featured.php on line 148
2016-01-17 6:04:31 - PHP Notice:  Undefined variable: entry_category in /var/www/html/opencart/upload/admin/view/template/module/featured.tpl on line 38
2016-01-17 6:04:31 - PHP Notice:  Undefined variable: entry_category in /var/www/html/opencart/upload/admin/view/template/module/featured.tpl on line 40
2016-01-17 6:05:45 - PHP Notice:  Undefined index: category in /var/www/html/opencart/upload/admin/controller/module/featured.php on line 144
2016-01-17 6:05:45 - PHP Warning:  Invalid argument supplied for foreach() in /var/www/html/opencart/upload/admin/controller/module/featured.php on line 149
2016-01-17 6:15:24 - PHP Notice:  Undefined index: category in /var/www/html/opencart/upload/admin/controller/module/featured.php on line 144
2016-01-17 6:15:24 - PHP Warning:  Invalid argument supplied for foreach() in /var/www/html/opencart/upload/admin/controller/module/featured.php on line 149
2016-01-17 6:20:21 - PHP Notice:  Undefined index: category in /var/www/html/opencart/upload/admin/controller/module/featured.php on line 147
2016-01-17 6:20:21 - PHP Warning:  Invalid argument supplied for foreach() in /var/www/html/opencart/upload/admin/controller/module/featured.php on line 152
2016-01-17 6:20:21 - PHP Notice:  Undefined index: category in /var/www/html/opencart/upload/admin/controller/module/featured.php on line 147
2016-01-17 6:20:21 - PHP Warning:  Invalid argument supplied for foreach() in /var/www/html/opencart/upload/admin/controller/module/featured.php on line 152
2016-01-17 6:22:46 - PHP Notice:  Undefined index: category in /var/www/html/opencart/upload/admin/controller/module/featured.php on line 144
2016-01-17 6:22:46 - PHP Warning:  Invalid argument supplied for foreach() in /var/www/html/opencart/upload/admin/controller/module/featured.php on line 149
2016-01-17 6:22:46 - PHP Notice:  Undefined index: category in /var/www/html/opencart/upload/admin/controller/module/featured.php on line 144
2016-01-17 6:22:46 - PHP Warning:  Invalid argument supplied for foreach() in /var/www/html/opencart/upload/admin/controller/module/featured.php on line 149
2016-01-17 6:25:57 - PHP Notice:  Undefined index: category in /var/www/html/opencart/upload/admin/controller/module/featured.php on line 144
2016-01-17 6:25:57 - PHP Warning:  Invalid argument supplied for foreach() in /var/www/html/opencart/upload/admin/controller/module/featured.php on line 149
2016-01-17 6:26:18 - PHP Notice:  Undefined index: category in /var/www/html/opencart/upload/admin/controller/module/featured.php on line 144
2016-01-17 6:26:44 - PHP Notice:  Undefined index: category in /var/www/html/opencart/upload/admin/controller/module/featured.php on line 144
2016-01-17 6:26:44 - PHP Warning:  Invalid argument supplied for foreach() in /var/www/html/opencart/upload/admin/controller/module/featured.php on line 150
2016-01-17 6:27:00 - PHP Notice:  Undefined index: category in /var/www/html/opencart/upload/admin/controller/module/featured.php on line 144
2016-01-17 6:27:00 - PHP Warning:  Invalid argument supplied for foreach() in /var/www/html/opencart/upload/admin/controller/module/featured.php on line 150
2016-01-17 6:27:31 - PHP Notice:  Undefined index: category in /var/www/html/opencart/upload/admin/controller/module/featured.php on line 144
2016-01-17 6:27:31 - PHP Warning:  Invalid argument supplied for foreach() in /var/www/html/opencart/upload/admin/controller/module/featured.php on line 150
2016-01-19 2:42:14 - PHP Notice:  Undefined index: category in /var/www/html/opencart/upload/admin/controller/module/featured.php on line 144
2016-01-19 2:42:14 - PHP Warning:  Invalid argument supplied for foreach() in /var/www/html/opencart/upload/admin/controller/module/featured.php on line 150
2016-01-19 8:33:10 - PHP Notice:  Undefined index: category in /var/www/html/opencart/upload/admin/controller/module/featured.php on line 145
2016-01-19 8:33:10 - PHP Warning:  Invalid argument supplied for foreach() in /var/www/html/opencart/upload/admin/controller/module/featured.php on line 151
2016-01-19 8:34:04 - PHP Notice:  Undefined index: category in /var/www/html/opencart/upload/admin/controller/module/featured.php on line 145
2016-01-19 8:34:04 - PHP Warning:  Invalid argument supplied for foreach() in /var/www/html/opencart/upload/admin/controller/module/featured.php on line 151
2016-01-19 8:34:36 - PHP Notice:  Undefined index: category in /var/www/html/opencart/upload/admin/controller/module/featured.php on line 145
2016-01-19 8:34:36 - PHP Warning:  Invalid argument supplied for foreach() in /var/www/html/opencart/upload/admin/controller/module/featured.php on line 151
2016-01-19 8:37:55 - PHP Notice:  Undefined index: category in /var/www/html/opencart/upload/admin/controller/module/featured.php on line 145
2016-01-19 8:37:55 - PHP Warning:  Invalid argument supplied for foreach() in /var/www/html/opencart/upload/admin/controller/module/featured.php on line 151
2016-01-19 8:53:07 - PHP Notice:  Undefined index: category in /var/www/html/opencart/upload/admin/controller/module/featured.php on line 145
2016-01-19 8:53:07 - PHP Warning:  Invalid argument supplied for foreach() in /var/www/html/opencart/upload/admin/controller/module/featured.php on line 151
2016-01-19 8:59:20 - PHP Warning:  Invalid argument supplied for foreach() in /var/www/html/opencart/upload/admin/controller/module/featured.php on line 126
2016-01-19 8:59:33 - PHP Warning:  Invalid argument supplied for foreach() in /var/www/html/opencart/upload/admin/controller/module/featured.php on line 151
2016-01-19 9:00:08 - PHP Notice:  Undefined index: category in /var/www/html/opencart/upload/admin/controller/module/featured.php on line 145
2016-01-19 9:00:08 - PHP Warning:  Invalid argument supplied for foreach() in /var/www/html/opencart/upload/admin/controller/module/featured.php on line 151
2016-01-19 9:09:30 - PHP Notice:  Undefined index: category in /var/www/html/opencart/upload/admin/controller/module/featured.php on line 144
2016-01-19 9:09:30 - PHP Warning:  Invalid argument supplied for foreach() in /var/www/html/opencart/upload/admin/controller/module/featured.php on line 150
2016-01-19 9:09:51 - PHP Warning:  Invalid argument supplied for foreach() in /var/www/html/opencart/upload/admin/controller/module/featured.php on line 125
2016-01-19 9:29:06 - PHP Warning:  Invalid argument supplied for foreach() in /var/www/html/opencart/upload/admin/controller/module/featured.php on line 125
2016-01-19 9:30:48 - PHP Warning:  Invalid argument supplied for foreach() in /var/www/html/opencart/upload/admin/controller/module/featured.php on line 125
2016-01-21 11:05:06 - PHP Notice:  Undefined variable: customer_group_id in /var/www/html/opencart/upload/catalog/controller/account/register.php on line 411
2016-01-21 11:05:06 - PHP Notice:  Undefined index: firstname in /var/www/html/opencart/upload/catalog/model/account/customer.php on line 16
2016-01-21 11:05:06 - PHP Notice:  Undefined index: lastname in /var/www/html/opencart/upload/catalog/model/account/customer.php on line 16
2016-01-21 11:05:06 - PHP Notice:  Undefined index: telephone in /var/www/html/opencart/upload/catalog/model/account/customer.php on line 16
2016-01-21 11:05:06 - PHP Notice:  Undefined index: fax in /var/www/html/opencart/upload/catalog/model/account/customer.php on line 16
2016-01-21 11:05:06 - PHP Notice:  Undefined index: firstname in /var/www/html/opencart/upload/catalog/model/account/customer.php on line 20
2016-01-21 11:05:06 - PHP Notice:  Undefined index: lastname in /var/www/html/opencart/upload/catalog/model/account/customer.php on line 20
2016-01-21 11:05:06 - PHP Notice:  Undefined index: company in /var/www/html/opencart/upload/catalog/model/account/customer.php on line 20
2016-01-21 11:05:06 - PHP Notice:  Undefined index: address_1 in /var/www/html/opencart/upload/catalog/model/account/customer.php on line 20
2016-01-21 11:05:06 - PHP Notice:  Undefined index: address_2 in /var/www/html/opencart/upload/catalog/model/account/customer.php on line 20
2016-01-21 11:05:06 - PHP Notice:  Undefined index: city in /var/www/html/opencart/upload/catalog/model/account/customer.php on line 20
2016-01-21 11:05:06 - PHP Notice:  Undefined index: postcode in /var/www/html/opencart/upload/catalog/model/account/customer.php on line 20
2016-01-21 11:05:06 - PHP Notice:  Undefined index: country_id in /var/www/html/opencart/upload/catalog/model/account/customer.php on line 20
2016-01-21 11:05:06 - PHP Notice:  Undefined index: zone_id in /var/www/html/opencart/upload/catalog/model/account/customer.php on line 20
2016-01-21 11:05:06 - PHP Notice:  Undefined index: firstname in /var/www/html/opencart/upload/catalog/controller/account/register.php on line 35
2016-01-21 11:05:06 - PHP Notice:  Undefined index: lastname in /var/www/html/opencart/upload/catalog/controller/account/register.php on line 35
2016-01-21 11:26:35 - PHP Notice:  Error: Could not load template /var/www/html/opencart/upload/catalog/view/theme/catalog/product_list.tpl! in /var/www/html/opencart/upload/system/engine/loader.php on line 86
2016-01-21 12:15:31 - PHP Notice:  Error: Could not load template /var/www/html/opencart/upload/catalog/view/theme/product/want_tosell.tpl! in /var/www/html/opencart/upload/system/engine/loader.php on line 86
2016-01-21 17:09:05 - PHP Notice:  Error: Could not load template /var/www/html/opencart/upload/catalog/view/theme/product/want_tosell.tpl! in /var/www/html/opencart/upload/system/engine/loader.php on line 86
2016-01-21 17:12:13 - PHP Notice:  Error: Could not load template /var/www/html/opencart/upload/catalog/view/theme/product/want_tosell.tpl! in /var/www/html/opencart/upload/system/engine/loader.php on line 86
2016-01-21 17:18:39 - PHP Notice:  Error: Could not load template /var/www/html/opencart/upload/catalog/view/theme/product/want_tosell.tpl! in /var/www/html/opencart/upload/system/engine/loader.php on line 86
2016-01-21 17:18:41 - PHP Notice:  Error: Could not load template /var/www/html/opencart/upload/catalog/view/theme/product/want_tosell.tpl! in /var/www/html/opencart/upload/system/engine/loader.php on line 86
2016-01-21 17:18:43 - PHP Notice:  Error: Could not load template /var/www/html/opencart/upload/catalog/view/theme/product/want_tosell.tpl! in /var/www/html/opencart/upload/system/engine/loader.php on line 86
2016-01-21 17:18:43 - PHP Notice:  Error: Could not load template /var/www/html/opencart/upload/catalog/view/theme/product/want_tosell.tpl! in /var/www/html/opencart/upload/system/engine/loader.php on line 86
2016-01-21 17:18:49 - PHP Notice:  Error: Could not load template /var/www/html/opencart/upload/catalog/view/theme/product/want_tosell.tpl! in /var/www/html/opencart/upload/system/engine/loader.php on line 86
2016-01-21 17:18:58 - PHP Notice:  Error: Could not load template /var/www/html/opencart/upload/catalog/view/theme/product/want_tosell.tpl! in /var/www/html/opencart/upload/system/engine/loader.php on line 86
2016-01-21 17:23:50 - PHP Notice:  Undefined variable: header in /var/www/html/opencart/upload/catalog/view/theme/default/template/product/want_tosell.tpl on line 1
2016-01-21 17:23:50 - PHP Notice:  Undefined variable: breadcrumbs in /var/www/html/opencart/upload/catalog/view/theme/default/template/product/want_tosell.tpl on line 4
2016-01-21 17:23:50 - PHP Warning:  Invalid argument supplied for foreach() in /var/www/html/opencart/upload/catalog/view/theme/default/template/product/want_tosell.tpl on line 4
2016-01-21 17:23:50 - PHP Notice:  Undefined variable: attention in /var/www/html/opencart/upload/catalog/view/theme/default/template/product/want_tosell.tpl on line 8
2016-01-21 17:23:50 - PHP Notice:  Undefined variable: success in /var/www/html/opencart/upload/catalog/view/theme/default/template/product/want_tosell.tpl on line 13
2016-01-21 17:23:50 - PHP Notice:  Undefined variable: error_warning in /var/www/html/opencart/upload/catalog/view/theme/default/template/product/want_tosell.tpl on line 18
2016-01-21 17:23:50 - PHP Notice:  Undefined variable: footer in /var/www/html/opencart/upload/catalog/view/theme/default/template/product/want_tosell.tpl on line 29
2016-01-21 17:25:19 - PHP Notice:  Undefined index: token in /var/www/html/opencart/upload/catalog/controller/product/want_tosell.php on line 18
2016-01-21 17:25:19 - PHP Notice:  Undefined index: token in /var/www/html/opencart/upload/catalog/controller/product/want_tosell.php on line 23
2016-01-21 17:25:19 - PHP Notice:  Undefined variable: url in /var/www/html/opencart/upload/catalog/controller/product/want_tosell.php on line 23
2016-01-21 17:25:19 - PHP Notice:  Undefined variable: header in /var/www/html/opencart/upload/catalog/view/theme/default/template/product/want_tosell.tpl on line 1
2016-01-21 17:25:19 - PHP Notice:  Undefined variable: breadcrumbs in /var/www/html/opencart/upload/catalog/view/theme/default/template/product/want_tosell.tpl on line 4
2016-01-21 17:25:19 - PHP Warning:  Invalid argument supplied for foreach() in /var/www/html/opencart/upload/catalog/view/theme/default/template/product/want_tosell.tpl on line 4
2016-01-21 17:25:19 - PHP Notice:  Undefined variable: attention in /var/www/html/opencart/upload/catalog/view/theme/default/template/product/want_tosell.tpl on line 8
2016-01-21 17:25:19 - PHP Notice:  Undefined variable: success in /var/www/html/opencart/upload/catalog/view/theme/default/template/product/want_tosell.tpl on line 13
2016-01-21 17:25:19 - PHP Notice:  Undefined variable: error_warning in /var/www/html/opencart/upload/catalog/view/theme/default/template/product/want_tosell.tpl on line 18
2016-01-21 17:25:19 - PHP Notice:  Undefined variable: footer in /var/www/html/opencart/upload/catalog/view/theme/default/template/product/want_tosell.tpl on line 29
2016-01-21 17:25:53 - PHP Notice:  Undefined index: token in /var/www/html/opencart/upload/catalog/controller/product/want_tosell.php on line 18
2016-01-21 17:25:53 - PHP Notice:  Undefined index: token in /var/www/html/opencart/upload/catalog/controller/product/want_tosell.php on line 23
2016-01-21 17:25:53 - PHP Notice:  Undefined variable: url in /var/www/html/opencart/upload/catalog/controller/product/want_tosell.php on line 23
2016-01-21 17:25:53 - PHP Notice:  Undefined variable: header in /var/www/html/opencart/upload/catalog/view/theme/default/template/product/want_tosell.tpl on line 1
2016-01-21 17:25:53 - PHP Notice:  Undefined variable: breadcrumbs in /var/www/html/opencart/upload/catalog/view/theme/default/template/product/want_tosell.tpl on line 4
2016-01-21 17:25:53 - PHP Warning:  Invalid argument supplied for foreach() in /var/www/html/opencart/upload/catalog/view/theme/default/template/product/want_tosell.tpl on line 4
2016-01-21 17:25:53 - PHP Notice:  Undefined variable: attention in /var/www/html/opencart/upload/catalog/view/theme/default/template/product/want_tosell.tpl on line 8
2016-01-21 17:25:53 - PHP Notice:  Undefined variable: success in /var/www/html/opencart/upload/catalog/view/theme/default/template/product/want_tosell.tpl on line 13
2016-01-21 17:25:53 - PHP Notice:  Undefined variable: error_warning in /var/www/html/opencart/upload/catalog/view/theme/default/template/product/want_tosell.tpl on line 18
2016-01-21 17:25:53 - PHP Notice:  Undefined variable: footer in /var/www/html/opencart/upload/catalog/view/theme/default/template/product/want_tosell.tpl on line 29
2016-01-21 17:25:53 - PHP Notice:  Use of undefined constant data - assumed 'data' in /var/www/html/opencart/upload/catalog/controller/product/want_tosell.php on line 30
2016-01-21 17:26:01 - PHP Notice:  Undefined index: token in /var/www/html/opencart/upload/catalog/controller/product/want_tosell.php on line 18
2016-01-21 17:26:01 - PHP Notice:  Undefined index: token in /var/www/html/opencart/upload/catalog/controller/product/want_tosell.php on line 23
2016-01-21 17:26:01 - PHP Notice:  Undefined variable: url in /var/www/html/opencart/upload/catalog/controller/product/want_tosell.php on line 23
2016-01-21 17:26:01 - PHP Notice:  Undefined variable: header in /var/www/html/opencart/upload/catalog/view/theme/default/template/product/want_tosell.tpl on line 1
2016-01-21 17:26:01 - PHP Notice:  Undefined variable: breadcrumbs in /var/www/html/opencart/upload/catalog/view/theme/default/template/product/want_tosell.tpl on line 4
2016-01-21 17:26:01 - PHP Warning:  Invalid argument supplied for foreach() in /var/www/html/opencart/upload/catalog/view/theme/default/template/product/want_tosell.tpl on line 4
2016-01-21 17:26:01 - PHP Notice:  Undefined variable: attention in /var/www/html/opencart/upload/catalog/view/theme/default/template/product/want_tosell.tpl on line 8
2016-01-21 17:26:01 - PHP Notice:  Undefined variable: success in /var/www/html/opencart/upload/catalog/view/theme/default/template/product/want_tosell.tpl on line 13
2016-01-21 17:26:01 - PHP Notice:  Undefined variable: error_warning in /var/www/html/opencart/upload/catalog/view/theme/default/template/product/want_tosell.tpl on line 18
2016-01-21 17:26:01 - PHP Notice:  Undefined variable: footer in /var/www/html/opencart/upload/catalog/view/theme/default/template/product/want_tosell.tpl on line 29
2016-01-21 17:26:16 - PHP Notice:  Undefined index: token in /var/www/html/opencart/upload/catalog/controller/product/want_tosell.php on line 18
2016-01-21 17:26:16 - PHP Notice:  Undefined index: token in /var/www/html/opencart/upload/catalog/controller/product/want_tosell.php on line 23
2016-01-21 17:26:16 - PHP Notice:  Undefined variable: url in /var/www/html/opencart/upload/catalog/controller/product/want_tosell.php on line 23
2016-01-21 17:26:16 - PHP Notice:  Undefined variable: header in /var/www/html/opencart/upload/catalog/view/theme/default/template/product/want_tosell.tpl on line 1
2016-01-21 17:26:16 - PHP Notice:  Undefined variable: breadcrumbs in /var/www/html/opencart/upload/catalog/view/theme/default/template/product/want_tosell.tpl on line 4
2016-01-21 17:26:16 - PHP Warning:  Invalid argument supplied for foreach() in /var/www/html/opencart/upload/catalog/view/theme/default/template/product/want_tosell.tpl on line 4
2016-01-21 17:26:16 - PHP Notice:  Undefined variable: attention in /var/www/html/opencart/upload/catalog/view/theme/default/template/product/want_tosell.tpl on line 8
2016-01-21 17:26:16 - PHP Notice:  Undefined variable: success in /var/www/html/opencart/upload/catalog/view/theme/default/template/product/want_tosell.tpl on line 13
2016-01-21 17:26:16 - PHP Notice:  Undefined variable: error_warning in /var/www/html/opencart/upload/catalog/view/theme/default/template/product/want_tosell.tpl on line 18
2016-01-21 17:26:16 - PHP Notice:  Undefined variable: footer in /var/www/html/opencart/upload/catalog/view/theme/default/template/product/want_tosell.tpl on line 29
2016-01-21 17:27:27 - PHP Notice:  Undefined index: token in /var/www/html/opencart/upload/catalog/controller/product/want_tosell.php on line 18
2016-01-21 17:27:27 - PHP Notice:  Undefined index: token in /var/www/html/opencart/upload/catalog/controller/product/want_tosell.php on line 23
2016-01-21 17:27:27 - PHP Notice:  Undefined variable: url in /var/www/html/opencart/upload/catalog/controller/product/want_tosell.php on line 23
2016-01-21 17:27:27 - PHP Notice:  Undefined variable: attention in /var/www/html/opencart/upload/catalog/view/theme/default/template/product/want_tosell.tpl on line 8
2016-01-21 17:27:27 - PHP Notice:  Undefined variable: success in /var/www/html/opencart/upload/catalog/view/theme/default/template/product/want_tosell.tpl on line 13
2016-01-21 17:27:27 - PHP Notice:  Undefined variable: error_warning in /var/www/html/opencart/upload/catalog/view/theme/default/template/product/want_tosell.tpl on line 18
2016-01-21 17:28:20 - PHP Notice:  Undefined index: token in /var/www/html/opencart/upload/catalog/controller/product/want_tosell.php on line 18
2016-01-21 17:28:20 - PHP Notice:  Undefined index: token in /var/www/html/opencart/upload/catalog/controller/product/want_tosell.php on line 23
2016-01-21 17:28:20 - PHP Notice:  Undefined variable: url in /var/www/html/opencart/upload/catalog/controller/product/want_tosell.php on line 23
2016-01-21 17:28:20 - PHP Notice:  Undefined variable: attention in /var/www/html/opencart/upload/catalog/view/theme/default/template/product/want_tosell.tpl on line 8
2016-01-21 17:28:20 - PHP Notice:  Undefined variable: success in /var/www/html/opencart/upload/catalog/view/theme/default/template/product/want_tosell.tpl on line 13
2016-01-21 17:28:20 - PHP Notice:  Undefined variable: error_warning in /var/www/html/opencart/upload/catalog/view/theme/default/template/product/want_tosell.tpl on line 18
2016-01-21 17:30:45 - PHP Notice:  Undefined variable: attention in /var/www/html/opencart/upload/catalog/view/theme/default/template/product/want_tosell.tpl on line 8
2016-01-21 17:30:45 - PHP Notice:  Undefined variable: success in /var/www/html/opencart/upload/catalog/view/theme/default/template/product/want_tosell.tpl on line 13
2016-01-21 17:30:45 - PHP Notice:  Undefined variable: error_warning in /var/www/html/opencart/upload/catalog/view/theme/default/template/product/want_tosell.tpl on line 18
2016-01-21 17:33:30 - PHP Notice:  Undefined variable: attention in /var/www/html/opencart/upload/catalog/view/theme/default/template/product/want_tosell.tpl on line 8
2016-01-21 17:33:30 - PHP Notice:  Undefined variable: error_warning in /var/www/html/opencart/upload/catalog/view/theme/default/template/product/want_tosell.tpl on line 18
2016-01-24 9:06:03 - PHP Notice:  Undefined variable: currency in /var/www/html/opencart/upload/catalog/view/theme/default/template/product/want_tosell.tpl on line 149
2016-01-24 9:07:34 - PHP Notice:  Undefined variable: currency in /var/www/html/opencart/upload/catalog/view/theme/default/template/product/want_tosell.tpl on line 149
2016-01-24 9:08:14 - PHP Warning:  Invalid argument supplied for foreach() in /var/www/html/opencart/upload/admin/controller/module/featured.php on line 125
2016-01-24 9:20:00 - PHP Notice:  Array to string conversion in /var/www/html/opencart/upload/catalog/view/theme/default/template/product/want_tosell.tpl on line 149
2016-01-24 9:20:15 - PHP Notice:  Use of undefined constant string_left - assumed 'string_left' in /var/www/html/opencart/upload/catalog/view/theme/default/template/product/want_tosell.tpl on line 149
2016-01-24 9:20:15 - PHP Notice:  Undefined index: string_left in /var/www/html/opencart/upload/catalog/view/theme/default/template/product/want_tosell.tpl on line 149
2016-01-24 9:20:32 - PHP Notice:  Use of undefined constant symbol_left - assumed 'symbol_left' in /var/www/html/opencart/upload/catalog/view/theme/default/template/product/want_tosell.tpl on line 149
2016-01-24 9:20:32 - PHP Notice:  Undefined index: symbol_left in /var/www/html/opencart/upload/catalog/view/theme/default/template/product/want_tosell.tpl on line 149
2016-01-24 9:20:42 - PHP Notice:  Undefined index: symbol_left in /var/www/html/opencart/upload/catalog/view/theme/default/template/product/want_tosell.tpl on line 149
2016-01-24 9:20:56 - PHP Notice:  Undefined index: symbol_left in /var/www/html/opencart/upload/catalog/view/theme/default/template/product/want_tosell.tpl on line 150
2016-01-24 9:21:28 - PHP Notice:  Undefined index: symbol_left in /var/www/html/opencart/upload/catalog/view/theme/default/template/product/want_tosell.tpl on line 150
2016-01-24 9:21:58 - PHP Notice:  Undefined variable: currency in /var/www/html/opencart/upload/catalog/view/theme/default/template/product/want_tosell.tpl on line 150
2016-01-24 9:22:21 - PHP Notice:  Undefined variable: currency in /var/www/html/opencart/upload/catalog/view/theme/default/template/product/want_tosell.tpl on line 150
2016-01-24 9:23:16 - PHP Notice:  Undefined variable: result in /var/www/html/opencart/upload/catalog/model/localisation/currency.php on line 45
2016-01-24 9:23:16 - PHP Notice:  Undefined variable: currency in /var/www/html/opencart/upload/catalog/view/theme/default/template/product/want_tosell.tpl on line 150
2016-01-24 9:23:24 - PHP Notice:  Undefined variable: currency in /var/www/html/opencart/upload/catalog/view/theme/default/template/product/want_tosell.tpl on line 150
2016-01-24 9:23:37 - PHP Notice:  Undefined variable: result in /var/www/html/opencart/upload/catalog/model/localisation/currency.php on line 45
2016-01-24 9:23:37 - PHP Notice:  Undefined variable: currency in /var/www/html/opencart/upload/catalog/view/theme/default/template/product/want_tosell.tpl on line 150
2016-01-24 9:24:02 - PHP Notice:  Undefined variable: currency in /var/www/html/opencart/upload/catalog/view/theme/default/template/product/want_tosell.tpl on line 150
2016-01-24 9:24:16 - PHP Notice:  Undefined variable: currency in /var/www/html/opencart/upload/catalog/view/theme/default/template/product/want_tosell.tpl on line 150
2016-01-25 16:10:54 - PHP Notice:  Undefined variable: customer_group_id in /var/www/html/opencart/upload/catalog/controller/account/register.php on line 411
2016-01-25 16:10:54 - PHP Notice:  Undefined offset: 1 in /var/www/html/opencart/upload/catalog/controller/account/register.php on line 196
2016-01-25 16:11:07 - PHP Notice:  Undefined variable: customer_group_id in /var/www/html/opencart/upload/catalog/controller/account/register.php on line 411
2016-01-25 16:11:07 - PHP Notice:  Undefined offset: 1 in /var/www/html/opencart/upload/catalog/controller/account/register.php on line 196
2016-01-25 16:11:17 - PHP Notice:  Undefined variable: customer_group_id in /var/www/html/opencart/upload/catalog/controller/account/register.php on line 411
2016-01-25 16:11:17 - PHP Notice:  Undefined index: firstname in /var/www/html/opencart/upload/catalog/model/account/customer.php on line 16
2016-01-25 16:11:17 - PHP Notice:  Undefined index: lastname in /var/www/html/opencart/upload/catalog/model/account/customer.php on line 16
2016-01-25 16:11:17 - PHP Notice:  Undefined index: telephone in /var/www/html/opencart/upload/catalog/model/account/customer.php on line 16
2016-01-25 16:11:17 - PHP Notice:  Undefined index: fax in /var/www/html/opencart/upload/catalog/model/account/customer.php on line 16
2016-01-25 16:11:17 - PHP Notice:  Undefined index: firstname in /var/www/html/opencart/upload/catalog/model/account/customer.php on line 20
2016-01-25 16:11:17 - PHP Notice:  Undefined index: lastname in /var/www/html/opencart/upload/catalog/model/account/customer.php on line 20
2016-01-25 16:11:17 - PHP Notice:  Undefined index: company in /var/www/html/opencart/upload/catalog/model/account/customer.php on line 20
2016-01-25 16:11:17 - PHP Notice:  Undefined index: address_1 in /var/www/html/opencart/upload/catalog/model/account/customer.php on line 20
2016-01-25 16:11:17 - PHP Notice:  Undefined index: address_2 in /var/www/html/opencart/upload/catalog/model/account/customer.php on line 20
2016-01-25 16:11:17 - PHP Notice:  Undefined index: city in /var/www/html/opencart/upload/catalog/model/account/customer.php on line 20
2016-01-25 16:11:17 - PHP Notice:  Undefined index: postcode in /var/www/html/opencart/upload/catalog/model/account/customer.php on line 20
2016-01-25 16:11:17 - PHP Notice:  Undefined index: country_id in /var/www/html/opencart/upload/catalog/model/account/customer.php on line 20
2016-01-25 16:11:17 - PHP Notice:  Undefined index: zone_id in /var/www/html/opencart/upload/catalog/model/account/customer.php on line 20
2016-01-25 16:11:17 - PHP Notice:  Undefined index: firstname in /var/www/html/opencart/upload/catalog/controller/account/register.php on line 35
2016-01-25 16:11:17 - PHP Notice:  Undefined index: lastname in /var/www/html/opencart/upload/catalog/controller/account/register.php on line 35
2016-01-25 16:19:50 - PHP Warning:  Invalid argument supplied for foreach() in /var/www/html/opencart/upload/admin/controller/module/featured.php on line 125
